flutter_music_player_app/android/app/build/intermediates/manifest_merge_blame_file/debug/manifest-merger-blame-debug-report.txt
1<?xml version="1.0" encoding="utf-8"?>
2<manifest xmlns:android="http://schemas.android.com/apk/res/android"
3    package="com.example.flutter_music_player_app"
4    android:versionCode="1"
5    android:versionName="1.0.0" >
6
7    <uses-sdk
8        android:minSdkVersion="24"
9        android:targetSdkVersion="36" />
10    <!--
11         The INTERNET permission is required for development. Specifically,
12         the Flutter tool needs it to communicate with the running application
13         to allow setting breakpoints, to provide hot reload, etc.
14    -->
15    <uses-permission android:name="android.permission.INTERNET" />
15-->src\debug\AndroidManifest.xml:6:5-66
15-->src\debug\AndroidManifest.xml:6:22-64
16    <uses-permission android:name="android.permission.READ_EXTERNAL_STORAGE" />
16-->src\main\AndroidManifest.xml:2:5-79
16-->src\main\AndroidManifest.xml:2:22-77
17    <uses-permission
17-->src\main\AndroidManifest.xml:3:5-108
18        android:name="android.permission.WRITE_EXTERNAL_STORAGE"
18-->src\main\AndroidManifest.xml:3:22-78
19        android:maxSdkVersion="28" />
19-->src\main\AndroidManifest.xml:3:79-105
20    <uses-permission android:name="android.permission.READ_MEDIA_AUDIO" />
20-->src\main\AndroidManifest.xml:4:5-75
20-->src\main\AndroidManifest.xml:4:22-72
21
22    <queries>
22-->src\main\AndroidManifest.xml:37:5-42:15
23        <intent>
23-->src\main\AndroidManifest.xml:38:9-41:18
24            <action android:name="android.intent.action.PROCESS_TEXT" />
24-->src\main\AndroidManifest.xml:39:13-72
24-->src\main\AndroidManifest.xml:39:21-70
25
26            <data android:mimeType="text/plain" />
26-->src\main\AndroidManifest.xml:40:13-50
26-->src\main\AndroidManifest.xml:40:19-48
27        </intent>
28    </queries>
29
30    <application
31        android:name="android.app.Application"
32        android:debuggable="true"
33        android:extractNativeLibs="false"
34        android:icon="@mipmap/ic_launcher"
35        android:label="flutter_music_player_app"
36        android:requestLegacyExternalStorage="true" >
37        <activity
38            android:name="com.example.flutter_music_player_app.MainActivity"
39            android:configChanges="orientation|keyboardHidden|keyboard|screenSize|smallestScreenSize|locale|layoutDirection|fontScale|screenLayout|density|uiMode"
40            android:exported="true"
41            android:hardwareAccelerated="true"
42            android:launchMode="singleTop"
43            android:taskAffinity=""
44            android:theme="@style/LaunchTheme"
45            android:windowSoftInputMode="adjustResize" >
46            <meta-data
47                android:name="io.flutter.embedding.android.NormalTheme"
48                android:resource="@style/NormalTheme" />
49
50            <intent-filter>
51                <action android:name="android.intent.action.MAIN" />
52
53                <category android:name="android.intent.category.LAUNCHER" />
54            </intent-filter>
55        </activity>
56
57        <meta-data
58            android:name="flutterEmbedding"
59            android:value="2" />
60    </application>
61
62</manifest>